2020-02-06 11:56:39 INFO  ValidarNFSE:39 - Conexão estabelecida com o host "OX_SERVIDOR"
2020-02-06 11:56:39 DEBUG ValidarNFSE:49 - This is a Debug
2020-02-06 11:56:39 INFO  ValidarNFSE:50 - This is an Info
2020-02-06 11:56:39 WARN  ValidarNFSE:51 - This is a Warn
2020-02-06 11:56:39 ERROR ValidarNFSE:52 - This is an Error
2020-02-06 11:56:39 FATAL ValidarNFSE:53 - This is a Fatal
2020-02-06 12:25:36 INFO  ValidarNFSE:39 - Conexão estabelecida com o host "OX_SERVIDOR"
2020-02-06 12:25:48 INFO  ValidarNFSE:381 - Buscar NFSE
2020-02-06 12:25:49 INFO  ValidarNFSE:326 - Verificar Nota Interna
2020-02-06 12:25:49 INFO  ValidarNFSE:331 - Empresa: OXETIL | Nota Interna: 696969
2020-02-06 12:25:51 INFO  ValidarNFSE:338 - Nota não consta no banco de dados
[2020-02-06 12:43:36] INFO  ValidarNFSE:39 - Conexão estabelecida com o host "OX_SERVIDOR"
[2020-02-06 12:43:46] INFO  ValidarNFSE:381 - Buscar NFSE
[2020-02-06 12:43:48] INFO  ValidarNFSE:326 - Verificar Nota Interna
[2020-02-06 12:43:48] INFO  ValidarNFSE:331 - Empresa: OXETIL | Nota Interna: 666666
[2020-02-06 12:43:51] INFO  ValidarNFSE:338 - Nota não consta no banco de dados
[2020-02-06 12:48:02] INFO  ValidarNFSE:39 - Conexão estabelecida com o host "OX_SERVIDOR"
[2020-02-06 12:48:10] INFO  ValidarNFSE:381 - Buscar NFSE
[2020-02-06 12:48:11] INFO  ValidarNFSE:326 - Verificar Nota Interna
[2020-02-06 12:48:11] INFO  ValidarNFSE:331 - Empresa: OXETIL | Nota Interna: 696099
[2020-02-06 12:48:12] INFO  ValidarNFSE:338 - Nota não consta no banco de dados
[2020-02-06 12:48:54] INFO  ValidarNFSE:398 - Buscar XML
[2020-02-06 12:48:57] INFO  ValidarNFSE:411 - Arquivo selecionado: C:\Users\Rafael\Downloads\45729.xml
[2020-02-06 12:48:59] INFO  ValidarNFSE:440 - Arquivo foi movido com sucesso
[2020-02-06 12:49:01] INFO  ValidarNFSE:359 - Corrigir Nota
[2020-02-06 12:49:01] INFO  ValidarNFSE:364 - Correção efetuada com sucesso
[2020-02-06 12:49:12] INFO  ValidarNFSE:326 - Verificar Nota Interna
[2020-02-06 12:49:12] INFO  ValidarNFSE:331 - Empresa: OXETIL | Nota Interna: 696099
[2020-02-06 12:49:14] INFO  ValidarNFSE:346 - Nota já consta no banco de dados
[2020-02-06 12:49:20] INFO  ValidarNFSE:381 - Buscar NFSE
[2020-02-06 12:49:22] INFO  ValidarNFSE:326 - Verificar Nota Interna
[2020-02-06 12:49:22] INFO  ValidarNFSE:331 - Empresa: OXETIL | Nota Interna: 696104
[2020-02-06 12:49:23] INFO  ValidarNFSE:338 - Nota não consta no banco de dados
[2020-02-06 12:49:40] INFO  ValidarNFSE:398 - Buscar XML
[2020-02-06 12:49:42] INFO  ValidarNFSE:411 - Arquivo selecionado: C:\Users\Rafael\Downloads\45733.xml
[2020-02-06 12:49:42] INFO  ValidarNFSE:440 - Arquivo foi movido com sucesso
[2020-02-06 12:49:43] INFO  ValidarNFSE:359 - Corrigir Nota
[2020-02-06 12:49:43] INFO  ValidarNFSE:364 - Correção efetuada com sucesso
[2020-02-06 12:49:48] INFO  ValidarNFSE:326 - Verificar Nota Interna
[2020-02-06 12:49:48] INFO  ValidarNFSE:331 - Empresa: OXETIL | Nota Interna: 696104
[2020-02-06 12:49:50] INFO  ValidarNFSE:346 - Nota já consta no banco de dados
[2020-02-06 12:49:54] INFO  ValidarNFSE:381 - Buscar NFSE
[2020-02-06 12:49:56] INFO  ValidarNFSE:326 - Verificar Nota Interna
[2020-02-06 12:49:56] INFO  ValidarNFSE:331 - Empresa: OXETIL | Nota Interna: 696105
[2020-02-06 12:49:57] INFO  ValidarNFSE:338 - Nota não consta no banco de dados
[2020-02-06 12:50:14] INFO  ValidarNFSE:398 - Buscar XML
[2020-02-06 12:50:16] INFO  ValidarNFSE:411 - Arquivo selecionado: C:\Users\Rafael\Downloads\45734.xml
[2020-02-06 12:50:16] INFO  ValidarNFSE:440 - Arquivo foi movido com sucesso
[2020-02-06 12:50:17] INFO  ValidarNFSE:359 - Corrigir Nota
[2020-02-06 12:50:17] INFO  ValidarNFSE:364 - Correção efetuada com sucesso
[2020-02-06 12:50:18] INFO  ValidarNFSE:326 - Verificar Nota Interna
[2020-02-06 12:50:18] INFO  ValidarNFSE:331 - Empresa: OXETIL | Nota Interna: 696105
[2020-02-06 12:50:19] INFO  ValidarNFSE:346 - Nota já consta no banco de dados
[2020-02-06 12:50:23] INFO  ValidarNFSE:381 - Buscar NFSE
[2020-02-06 12:50:24] INFO  ValidarNFSE:326 - Verificar Nota Interna
[2020-02-06 12:50:24] INFO  ValidarNFSE:331 - Empresa: OXETIL | Nota Interna: 696106
[2020-02-06 12:50:25] INFO  ValidarNFSE:338 - Nota não consta no banco de dados
[2020-02-06 12:50:39] INFO  ValidarNFSE:398 - Buscar XML
[2020-02-06 12:50:41] INFO  ValidarNFSE:411 - Arquivo selecionado: C:\Users\Rafael\Downloads\45735.xml
[2020-02-06 12:50:41] INFO  ValidarNFSE:440 - Arquivo foi movido com sucesso
[2020-02-06 12:50:42] INFO  ValidarNFSE:359 - Corrigir Nota
[2020-02-06 12:50:42] INFO  ValidarNFSE:364 - Correção efetuada com sucesso
[2020-02-06 12:50:43] INFO  ValidarNFSE:326 - Verificar Nota Interna
[2020-02-06 12:50:43] INFO  ValidarNFSE:331 - Empresa: OXETIL | Nota Interna: 696106
[2020-02-06 12:50:45] INFO  ValidarNFSE:346 - Nota já consta no banco de dados
[2020-02-06 12:58:19|INFO ] ValidarNFSE:39 - Conexão estabelecida com o host "OX_SERVIDOR"
[2020-02-06 12:58:41|%-5] ValidarNFSE:39 - Conexão estabelecida com o host "OX_SERVIDOR"
[2020-02-06 12:59:06| INFO] ValidarNFSE:39 - Conexão estabelecida com o host "OX_SERVIDOR"
[2020-02-06 12:59:31|INFO] ValidarNFSE:39 - Conexão estabelecida com o host "OX_SERVIDOR"
[2020-02-06 13:34:18|INFO] ValidarNFSE:39 - Conexão estabelecida com o host "OX_SERVIDOR"
[2020-02-06 13:35:22|INFO] ValidarNFSE:39 - Conexão estabelecida com o host "OX_SERVIDOR"
[2020-02-19 14:49:24|INFO] Principal:29 - usuário "null": acessou Corretor NFSE
[2020-02-19 14:51:31|INFO] Principal:29 - usuário "": acessou Corretor NFSE
[2020-02-19 14:51:32|INFO] ContainerNFSE:53 - usuário "miqueiascosta": acessou Corretor Oxetil - Alteração de Containers
[2020-02-19 14:51:32|INFO] Principal:128 - usuário "": acessou menu de correção de containers e caixas
[2020-02-19 14:51:39|INFO] Principal:29 - usuário "": acessou Corretor NFSE
[2020-02-19 14:51:40|INFO] ContainerNFSE:53 - usuário "miqueiascosta": acessou Corretor Oxetil - Alteração de Containers
[2020-02-19 14:51:40|INFO] Principal:128 - usuário "": acessou menu de correção de containers e caixas
[2020-02-19 14:51:42|INFO] ContainerNFSE:53 - usuário "miqueiascosta": acessou Corretor Oxetil - Alteração de Containers
[2020-02-19 14:51:42|INFO] Principal:128 - usuário "": acessou menu de correção de containers e caixas
[2020-02-19 14:52:28|INFO] Principal:29 - usuário "miqueiascosta": acessou Corretor NFSE
[2020-02-19 14:52:31|INFO] ContainerNFSE:53 - usuário "miqueiascosta": acessou Corretor Oxetil - Alteração de Containers
[2020-02-19 14:52:31|INFO] Principal:129 - usuário "miqueiascosta": acessou menu de correção de containers e caixas
[2020-02-19 14:54:14|INFO] Principal:29 - usuário "miqueiascosta": acessou Corretor NFSE
[2020-02-19 16:54:23|INFO] ContainerNFSE:57 - usuário "miqueiascosta": acessou Corretor Oxetil - Alteração de Caixas de Papelão
[2020-02-19 16:56:56|INFO] ContainerNFSE:57 - usuário "miqueiascosta": acessou Corretor Oxetil - Alteração de Caixas de Papelão
[2020-02-19 17:04:57|INFO] ContainerNFSE:57 - usuário "miqueiascosta": acessou Corretor Oxetil - Alteração de Caixas de Papelão
[2020-05-12 19:39:33|INFO] Principal:39 - usuário "miqueiascosta": acessou Corretor NFSE
[2020-05-12 19:41:48|INFO] Principal:39 - usuário "miqueiascosta": acessou Corretor NFSE
[2020-05-12 20:15:58|DEBUG] BaseReportFiller:146 - Fill 1: created for ReportPedidoMAC
[2020-05-12 20:19:43|DEBUG] BaseReportFiller:146 - Fill 1: created for ReportPedidoMAC
[2020-05-12 20:21:17|DEBUG] BaseReportFiller:146 - Fill 1: created for ReportPedidoMAC
[2020-05-12 20:21:17|DEBUG] BaseReportFiller:185 - created delayed actions 1 for filler 1
[2020-05-12 20:21:17|DEBUG] ExtensionsEnvironment:78 - Instantiating extensions registry class net.sf.jasperreports.extensions.DefaultExtensionsRegistry
[2020-05-12 20:21:17|DEBUG] DefaultExtensionsRegistry:129 - Loading registries for cache key sun.misc.Launcher$AppClassLoader@4aa298b7
[2020-05-12 20:21:17|DEBUG] JRLoader:786 - Found resource jasperreports_extension.properties at jar:file:/C:/Users/Rafael/Documents/NetBeansProjects/CorretorNFSE/lib/jasperreports-6.1.0.jar!/jasperreports_extension.properties in classloader sun.misc.Launcher$AppClassLoader@4aa298b7
[2020-05-12 20:21:17|DEBUG] DefaultExtensionsRegistry:157 - Loading JasperReports extension properties resource jar:file:/C:/Users/Rafael/Documents/NetBeansProjects/CorretorNFSE/lib/jasperreports-6.1.0.jar!/jasperreports_extension.properties
[2020-05-12 20:21:17|DEBUG] DefaultExtensionsRegistry:207 - Instantiating registry of type net.sf.jasperreports.components.headertoolbar.HeaderToolbarParameterContributorExtensionFactory for property net.sf.jasperreports.extension.registry.factory.header.toolbar.parameter.contributor
[2020-05-12 20:21:17|DEBUG] DefaultExtensionsRegistry:232 - Instantiating extensions registry for header.toolbar.parameter.contributor using factory class net.sf.jasperreports.components.headertoolbar.HeaderToolbarParameterContributorExtensionFactory
[2020-05-12 20:21:17|DEBUG] DefaultExtensionsRegistry:207 - Instantiating registry of type net.sf.jasperreports.types.date.DateRangeQueryClauseExtensions for property net.sf.jasperreports.extension.registry.factory.date.range.clause.functions
[2020-05-12 20:21:17|DEBUG] DefaultExtensionsRegistry:232 - Instantiating extensions registry for date.range.clause.functions using factory class net.sf.jasperreports.types.date.DateRangeQueryClauseExtensions
[2020-05-12 20:21:17|DEBUG] DefaultExtensionsRegistry:207 - Instantiating registry of type net.sf.jasperreports.repo.DefaultRepositoryExtensionsRegistryFactory for property net.sf.jasperreports.extension.registry.factory.repository
[2020-05-12 20:21:17|DEBUG] DefaultExtensionsRegistry:232 - Instantiating extensions registry for repository using factory class net.sf.jasperreports.repo.DefaultRepositoryExtensionsRegistryFactory
[2020-05-12 20:21:17|DEBUG] DefaultExtensionsRegistry:207 - Instantiating registry of type net.sf.jasperreports.parts.PartComponentsExtensionsRegistryFactory for property net.sf.jasperreports.extension.registry.factory.parts
[2020-05-12 20:21:17|DEBUG] DefaultExtensionsRegistry:232 - Instantiating extensions registry for parts using factory class net.sf.jasperreports.parts.PartComponentsExtensionsRegistryFactory
[2020-05-12 20:21:17|DEBUG] DefaultExtensionsRegistry:207 - Instantiating registry of type net.sf.jasperreports.web.util.ContentTypeMappingExtensionsRegistryFactory for property net.sf.jasperreports.extension.registry.factory.content.type.mapping
[2020-05-12 20:21:17|DEBUG] DefaultExtensionsRegistry:232 - Instantiating extensions registry for content.type.mapping using factory class net.sf.jasperreports.web.util.ContentTypeMappingExtensionsRegistryFactory
[2020-05-12 20:21:17|DEBUG] DefaultExtensionsRegistry:207 - Instantiating registry of type net.sf.jasperreports.engine.fonts.SimpleFontExtensionsRegistryFactory for property net.sf.jasperreports.extension.registry.factory.simple.font.families
[2020-05-12 20:21:17|DEBUG] DefaultExtensionsRegistry:232 - Instantiating extensions registry for simple.font.families using factory class net.sf.jasperreports.engine.fonts.SimpleFontExtensionsRegistryFactory
[2020-05-12 20:21:17|DEBUG] DefaultExtensionsRegistry:207 - Instantiating registry of type net.sf.jasperreports.data.DefaultDataAdapterServiceExtensionsRegistryFactory for property net.sf.jasperreports.extension.registry.factory.data.adapter.services
[2020-05-12 20:21:17|DEBUG] DefaultExtensionsRegistry:232 - Instantiating extensions registry for data.adapter.services using factory class net.sf.jasperreports.data.DefaultDataAdapterServiceExtensionsRegistryFactory
[2020-05-12 20:21:17|DEBUG] DefaultExtensionsRegistry:207 - Instantiating registry of type net.sf.jasperreports.web.util.WebResourceHandlersExtensionRegistryFactory for property net.sf.jasperreports.extension.registry.factory.jive.web.resource.handlers
[2020-05-12 20:21:17|DEBUG] DefaultExtensionsRegistry:232 - Instantiating extensions registry for jive.web.resource.handlers using factory class net.sf.jasperreports.web.util.WebResourceHandlersExtensionRegistryFactory
[2020-05-12 20:21:17|DEBUG] DefaultExtensionsRegistry:207 - Instantiating registry of type net.sf.jasperreports.util.CastorMappingExtensionsRegistryFactory for property net.sf.jasperreports.extension.registry.factory.castor.mapping
[2020-05-12 20:21:17|DEBUG] DefaultExtensionsRegistry:232 - Instantiating extensions registry for castor.mapping using factory class net.sf.jasperreports.util.CastorMappingExtensionsRegistryFactory
[2020-05-12 20:21:17|DEBUG] DefaultExtensionsRegistry:207 - Instantiating registry of type net.sf.jasperreports.engine.export.MatcherExportFilterMappingExtensionsRegistryFactory for property net.sf.jasperreports.extension.registry.factory.matcher.exporter.filter.mapping
[2020-05-12 20:21:17|DEBUG] DefaultExtensionsRegistry:232 - Instantiating extensions registry for matcher.exporter.filter.mapping using factory class net.sf.jasperreports.engine.export.MatcherExportFilterMappingExtensionsRegistryFactory
[2020-05-12 20:21:17|DEBUG] DefaultExtensionsRegistry:207 - Instantiating registry of type net.sf.jasperreports.governors.GovernorExtensionsRegistryFactory for property net.sf.jasperreports.extension.registry.factory.governor
[2020-05-12 20:21:17|DEBUG] DefaultExtensionsRegistry:232 - Instantiating extensions registry for governor using factory class net.sf.jasperreports.governors.GovernorExtensionsRegistryFactory
[2020-05-12 20:21:17|DEBUG] DefaultExtensionsRegistry:207 - Instantiating registry of type net.sf.jasperreports.web.util.RequirejsModuleMappingExtensionsRegistryFactory for property net.sf.jasperreports.extension.registry.factory.requirejs.module.mapping
[2020-05-12 20:21:17|DEBUG] DefaultExtensionsRegistry:232 - Instantiating extensions registry for requirejs.module.mapping using factory class net.sf.jasperreports.web.util.RequirejsModuleMappingExtensionsRegistryFactory
[2020-05-12 20:21:17|DEBUG] DefaultExtensionsRegistry:207 - Instantiating registry of type net.sf.jasperreports.engine.query.SQLQueryClauseFunctionsExtensions for property net.sf.jasperreports.extension.registry.factory.sql.clause.functions
[2020-05-12 20:21:17|DEBUG] DefaultExtensionsRegistry:232 - Instantiating extensions registry for sql.clause.functions using factory class net.sf.jasperreports.engine.query.SQLQueryClauseFunctionsExtensions
[2020-05-12 20:21:17|DEBUG] DefaultExtensionsRegistry:207 - Instantiating registry of type net.sf.jasperreports.engine.style.PropertyStyleProviderExtensionFactory for property net.sf.jasperreports.extension.registry.factory.property.style.provider
[2020-05-12 20:21:17|DEBUG] DefaultExtensionsRegistry:232 - Instantiating extensions registry for property.style.provider using factory class net.sf.jasperreports.engine.style.PropertyStyleProviderExtensionFactory
[2020-05-12 20:21:17|DEBUG] DefaultExtensionsRegistry:207 - Instantiating registry of type net.sf.jasperreports.web.util.JacksonMappingExtensionsRegistryFactory for property net.sf.jasperreports.extension.registry.factory.jackson.mapping
[2020-05-12 20:21:17|DEBUG] DefaultExtensionsRegistry:232 - Instantiating extensions registry for jackson.mapping using factory class net.sf.jasperreports.web.util.JacksonMappingExtensionsRegistryFactory
[2020-05-12 20:21:17|DEBUG] DefaultExtensionsRegistry:207 - Instantiating registry of type net.sf.jasperreports.extensions.DefaultExtensionsRegistryFactory for property net.sf.jasperreports.extension.registry.factory.default
[2020-05-12 20:21:17|DEBUG] DefaultExtensionsRegistry:232 - Instantiating extensions registry for default using factory class net.sf.jasperreports.extensions.DefaultExtensionsRegistryFactory
[2020-05-12 20:21:17|DEBUG] DefaultExtensionsRegistry:207 - Instantiating registry of type net.sf.jasperreports.components.ComponentsExtensionsRegistryFactory for property net.sf.jasperreports.extension.registry.factory.components
[2020-05-12 20:21:17|DEBUG] DefaultExtensionsRegistry:232 - Instantiating extensions registry for components using factory class net.sf.jasperreports.components.ComponentsExtensionsRegistryFactory
[2020-05-12 20:21:17|DEBUG] DefaultExtensionsRegistry:207 - Instantiating registry of type net.sf.jasperreports.components.headertoolbar.HeaderToolbarConditionalStyleProviderExtensionFactory for property net.sf.jasperreports.extension.registry.factory.header.toolbar.style.provider
[2020-05-12 20:21:17|DEBUG] DefaultExtensionsRegistry:232 - Instantiating extensions registry for header.toolbar.style.provider using factory class net.sf.jasperreports.components.headertoolbar.HeaderToolbarConditionalStyleProviderExtensionFactory
[2020-05-12 20:21:18|DEBUG] JRFillBand:153 - Origin {reportName: null, groupName: null,bandType: BACKGROUND} for band 402773404
[2020-05-12 20:21:18|DEBUG] JRFillBand:153 - Origin {reportName: null, groupName: null,bandType: TITLE} for band 1144127843
[2020-05-12 20:21:18|DEBUG] JRFillBand:153 - Origin {reportName: null, groupName: null,bandType: PAGE_HEADER} for band 1965777298
[2020-05-12 20:21:18|DEBUG] JRFillBand:153 - Origin {reportName: null, groupName: null,bandType: COLUMN_HEADER} for band 214784426
[2020-05-12 20:21:18|DEBUG] JRFillBand:153 - Origin {reportName: null, groupName: null,bandType: DETAIL} for band 1399182732
[2020-05-12 20:21:18|DEBUG] JRFillBand:153 - Origin {reportName: null, groupName: null,bandType: COLUMN_FOOTER} for band 233737843
[2020-05-12 20:21:18|DEBUG] JRFillBand:153 - Origin {reportName: null, groupName: null,bandType: PAGE_FOOTER} for band 316699344
[2020-05-12 20:21:18|DEBUG] JRFillBand:153 - Origin {reportName: null, groupName: null,bandType: SUMMARY} for band 2028435908
[2020-05-12 20:21:18|DEBUG] JRVerticalFiller:106 - Filler 1 - pageHeight: 842, columnFooterOffsetY: 805, lastPageColumnFooterOffsetY: 822
[2020-05-12 20:21:18|DEBUG] JRBaseFiller:499 - Fill 1: filling report
[2020-05-12 20:21:18|DEBUG] JRFillDataset:1122 - Fill 1: Creating sql query executer
[2020-05-12 20:21:18|DEBUG] JRJdbcQueryExecuter:285 - SQL query string: SELECT
     Funcionarios."Emp_Codigo" AS Funcionarios_Emp_Codigo,
     Funcionarios."Pessoa_Codigo" AS Funcionarios_Pessoa_Codigo,
     Funcionarios."PFisica_Codigo" AS Funcionarios_PFisica_Codigo,
     PedidoVenda."PedidoVenda_Codigo" AS PedidoVenda_PedidoVenda_Codigo,
     PedidoVenda."PedidoVenda_Data" AS PedidoVenda_PedidoVenda_Data,
     PedidoVenda."PedidoVenda_FormaPagamento" AS PedidoVenda_PedidoVenda_FormaPagamento,
     PedidoVenda."PedidoVenda_NumeroNota" AS PedidoVenda_PedidoVenda_NumeroNota,
     PedidoVenda."PedidoVenda_Vencimento" AS PedidoVenda_PedidoVenda_Vencimento,
     PedidoVenda."PedidoVenda_Observacao" AS PedidoVenda_PedidoVenda_Observacao,
     PedidoVenda."Emp_Codigo" AS PedidoVenda_Emp_Codigo,
     PedidoVenda."Pessoa_CodigoCliente" AS PedidoVenda_Pessoa_CodigoCliente,
     PedidoVenda."PessoaFJ_CodigoCliente" AS PedidoVenda_PessoaFJ_CodigoCliente,
     PedidoVenda."Pessoa_CodigoFunc" AS PedidoVenda_Pessoa_CodigoFunc,
     PedidoVenda."PFisica_CodigoFunc" AS PedidoVenda_PFisica_CodigoFunc,
     PedidoVenda."PedidoVenda_TotalProdutos" AS PedidoVenda_PedidoVenda_TotalProdutos,
     PedidoVenda."PedidoVenda_Acrescimo" AS PedidoVenda_PedidoVenda_Acrescimo,
     PedidoVenda."PedidoVenda_Desconto" AS PedidoVenda_PedidoVenda_Desconto,
     PedidoVenda."PedidoVenda_TotalPedido" AS PedidoVenda_PedidoVenda_TotalPedido,
     Pessoa."Emp_Codigo" AS Pessoa_Emp_Codigo,
     Pessoa."Pessoa_Codigo" AS Pessoa_Pessoa_Codigo,
     Pessoa."Pessoa_TipoPessoa" AS Pessoa_Pessoa_TipoPessoa,
     Pessoa."Pessoa_NomeRazaoSocial" AS Pessoa_Pessoa_NomeRazaoSocial,
     PessoaFisica."Emp_Codigo" AS PessoaFisica_Emp_Codigo,
     PessoaFisica."Pessoa_Codigo" AS PessoaFisica_Pessoa_Codigo,
     PessoaFisica."PFisica_Codigo" AS PessoaFisica_PFisica_Codigo,
     PessoaFisica."PFisica_Apelido" AS PessoaFisica_PFisica_Apelido,
     PessoaFisica."PFisica_CPF" AS PessoaFisica_PFisica_CPF,
     PessoaFisica."UF_Sigla" AS PessoaFisica_UF_Sigla,
     PessoaFisica."PFisica_Endereco" AS PessoaFisica_PFisica_Endereco,
     PessoaFisica."PFisica_NumeroEnd" AS PessoaFisica_PFisica_NumeroEnd,
     PessoaFisica."PFisica_CEP" AS PessoaFisica_PFisica_CEP,
     PessoaFisica."PFisica_Bairro" AS PessoaFisica_PFisica_Bairro,
     PessoaJuridica."Emp_Codigo" AS PessoaJuridica_Emp_Codigo,
     PessoaJuridica."Pessoa_Codigo" AS PessoaJuridica_Pessoa_Codigo,
     PessoaJuridica."PJuridica_Codigo" AS PessoaJuridica_PJuridica_Codigo,
     PessoaJuridica."PJuridica_DenominacaoSocial" AS PessoaJuridica_PJuridica_DenominacaoSocial,
     PessoaJuridica."PJuridica_NomeSintetico" AS PessoaJuridica_PJuridica_NomeSintetico,
     PessoaJuridica."PJuridica_CNPJ" AS PessoaJuridica_PJuridica_CNPJ,
     PessoaJuridica."PJuridica_InscricaoEstadual" AS PessoaJuridica_PJuridica_InscricaoEstadual,
     PessoaJuridica."PJuridica_InscricaoMunicipal" AS PessoaJuridica_PJuridica_InscricaoMunicipal,
     PessoaJuridica."PJuridica_Endereco" AS PessoaJuridica_PJuridica_Endereco,
     PessoaJuridica."PJuridica_NumeroEnd" AS PessoaJuridica_PJuridica_NumeroEnd,
     PessoaJuridica."UF_Sigla" AS PessoaJuridica_UF_Sigla,
     PessoaJuridica."PJuridica_CEP" AS PessoaJuridica_PJuridica_CEP,
     PessoaJuridica."PJuridica_Bairro" AS PessoaJuridica_PJuridica_Bairro,
     PessoaJuridica."PJuridica_Complemento" AS PessoaJuridica_PJuridica_Complemento,
     Produtos."Grupo_Codigo" AS Produtos_Grupo_Codigo,
     Produtos."Prod_Codigo" AS Produtos_Prod_Codigo,
     Produtos."Prod_Descricao" AS Produtos_Prod_Descricao,
     Produtos."Prod_Material" AS Produtos_Prod_Material,
     Produtos."Prod_Especificacao" AS Produtos_Prod_Especificacao,
     Produtos."NCM_Codigo" AS Produtos_NCM_Codigo,
     PedidoVendaXProdutos."PedVendasProd_Valor" AS PedidoVendaXProdutos_PedVendasProd_Valor,
     PedidoVendaXProdutos."PedVendasProd_Qtde" AS PedidoVendaXProdutos_PedVendasProd_Qtde,
     PedidoVendaXProdutos."PedVendasProd_Total" AS PedidoVendaXProdutos_PedVendasProd_Total,
     PedidoVendaXProdutos."PedVendasProd_IPI" AS PedidoVendaXProdutos_PedVendasProd_IPI,
     PedidoVendaXProdutos."PedidoVenda_Codigo" AS PedidoVendaXProdutos_PedidoVenda_Codigo,
     PedidoVendaXProdutos."Emp_Codigo" AS PedidoVendaXProdutos_Emp_Codigo,
     PedidoVendaXProdutos."Grupo_Codigo" AS PedidoVendaXProdutos_Grupo_Codigo,
     PedidoVendaXProdutos."Prod_Codigo" AS PedidoVendaXProdutos_Prod_Codigo,
     Produtos."Emp_Codigo" AS Produtos_Emp_Codigo,
     Produtos."FProd_Codigo" AS Produtos_FProd_Codigo,
     PessoaFisica."PFisica_RG" AS PessoaFisica_PFisica_RG
FROM
     "dbo"."Funcionarios" Funcionarios INNER JOIN "dbo"."PedidoVenda" PedidoVenda ON Funcionarios."Emp_Codigo" = PedidoVenda."Emp_Codigo"
     AND Funcionarios."Pessoa_Codigo" = PedidoVenda."Pessoa_CodigoFunc"
     AND Funcionarios."PFisica_Codigo" = PedidoVenda."PFisica_CodigoFunc"
     INNER JOIN "dbo"."PessoaFisica" PessoaFisica ON Funcionarios."Emp_Codigo" = PessoaFisica."Emp_Codigo"
     AND PessoaFisica."Pessoa_Codigo" = Funcionarios."Pessoa_Codigo"
     AND PessoaFisica."PFisica_Codigo" = Funcionarios."PFisica_Codigo"
     INNER JOIN "dbo"."Pessoa" Pessoa ON PessoaFisica."Emp_Codigo" = Pessoa."Emp_Codigo"
     AND Pessoa."Pessoa_Codigo" = PessoaFisica."Pessoa_Codigo"
     INNER JOIN "dbo"."PessoaJuridica" PessoaJuridica ON Pessoa."Emp_Codigo" = PessoaJuridica."Emp_Codigo"
     AND Pessoa."Pessoa_Codigo" = PessoaJuridica."Pessoa_Codigo"
     INNER JOIN "dbo"."PedidoVendaXProdutos" PedidoVendaXProdutos ON PedidoVenda."PedidoVenda_Codigo" = PedidoVendaXProdutos."PedidoVenda_Codigo"
     AND PedidoVenda."Emp_Codigo" = PedidoVendaXProdutos."Emp_Codigo"
     INNER JOIN "dbo"."Produtos" Produtos ON PedidoVendaXProdutos."Grupo_Codigo" = Produtos."Grupo_Codigo"
     AND Produtos."Prod_Codigo" = PedidoVendaXProdutos."Prod_Codigo"
[2020-05-12 20:21:18|DEBUG] JRFillDataset:1203 - Fill 1: closing query executer
[2020-05-12 20:23:21|INFO] Principal:38 - usuário "miqueiascosta": acessou Corretor NFSE
[2020-05-12 20:23:52|INFO] Principal:38 - usuário "miqueiascosta": acessou Corretor NFSE
[2020-05-12 20:24:28|INFO] Principal:38 - usuário "miqueiascosta": acessou Corretor NFSE
[2020-05-12 20:27:07|INFO] Principal:38 - usuário "miqueiascosta": acessou Corretor NFSE
[2020-05-12 20:29:49|INFO] Principal:38 - usuário "miqueiascosta": acessou Corretor NFSE
[2020-05-12 20:42:35|INFO] Principal:38 - usuário "miqueiascosta": acessou Corretor NFSE
[2020-05-12 20:43:19|INFO] Principal:38 - usuário "miqueiascosta": acessou Corretor NFSE
[2020-05-12 20:44:13|DEBUG] BaseReportFiller:146 - Fill 1: created for ReportPedidoMAC
[2020-05-12 20:44:13|DEBUG] BaseReportFiller:185 - created delayed actions 1 for filler 1
[2020-05-12 20:44:13|DEBUG] ExtensionsEnvironment:78 - Instantiating extensions registry class net.sf.jasperreports.extensions.DefaultExtensionsRegistry
[2020-05-12 20:44:13|DEBUG] DefaultExtensionsRegistry:129 - Loading registries for cache key sun.misc.Launcher$AppClassLoader@85ede7b
[2020-05-12 20:44:13|DEBUG] JRLoader:786 - Found resource jasperreports_extension.properties at jar:file:/C:/Users/Rafael/Documents/NetBeansProjects/CorretorNFSE/lib/jasperreports-6.1.0.jar!/jasperreports_extension.properties in classloader sun.misc.Launcher$AppClassLoader@85ede7b
[2020-05-12 20:44:13|DEBUG] DefaultExtensionsRegistry:157 - Loading JasperReports extension properties resource jar:file:/C:/Users/Rafael/Documents/NetBeansProjects/CorretorNFSE/lib/jasperreports-6.1.0.jar!/jasperreports_extension.properties
[2020-05-12 20:44:13|DEBUG] DefaultExtensionsRegistry:207 - Instantiating registry of type net.sf.jasperreports.components.headertoolbar.HeaderToolbarParameterContributorExtensionFactory for property net.sf.jasperreports.extension.registry.factory.header.toolbar.parameter.contributor
[2020-05-12 20:44:13|DEBUG] DefaultExtensionsRegistry:232 - Instantiating extensions registry for header.toolbar.parameter.contributor using factory class net.sf.jasperreports.components.headertoolbar.HeaderToolbarParameterContributorExtensionFactory
[2020-05-12 20:44:13|DEBUG] DefaultExtensionsRegistry:207 - Instantiating registry of type net.sf.jasperreports.types.date.DateRangeQueryClauseExtensions for property net.sf.jasperreports.extension.registry.factory.date.range.clause.functions
[2020-05-12 20:44:13|DEBUG] DefaultExtensionsRegistry:232 - Instantiating extensions registry for date.range.clause.functions using factory class net.sf.jasperreports.types.date.DateRangeQueryClauseExtensions
[2020-05-12 20:44:13|DEBUG] DefaultExtensionsRegistry:207 - Instantiating registry of type net.sf.jasperreports.repo.DefaultRepositoryExtensionsRegistryFactory for property net.sf.jasperreports.extension.registry.factory.repository
[2020-05-12 20:44:13|DEBUG] DefaultExtensionsRegistry:232 - Instantiating extensions registry for repository using factory class net.sf.jasperreports.repo.DefaultRepositoryExtensionsRegistryFactory
[2020-05-12 20:44:13|DEBUG] DefaultExtensionsRegistry:207 - Instantiating registry of type net.sf.jasperreports.parts.PartComponentsExtensionsRegistryFactory for property net.sf.jasperreports.extension.registry.factory.parts
[2020-05-12 20:44:13|DEBUG] DefaultExtensionsRegistry:232 - Instantiating extensions registry for parts using factory class net.sf.jasperreports.parts.PartComponentsExtensionsRegistryFactory
[2020-05-12 20:44:13|DEBUG] DefaultExtensionsRegistry:207 - Instantiating registry of type net.sf.jasperreports.web.util.ContentTypeMappingExtensionsRegistryFactory for property net.sf.jasperreports.extension.registry.factory.content.type.mapping
[2020-05-12 20:44:13|DEBUG] DefaultExtensionsRegistry:232 - Instantiating extensions registry for content.type.mapping using factory class net.sf.jasperreports.web.util.ContentTypeMappingExtensionsRegistryFactory
[2020-05-12 20:44:13|DEBUG] DefaultExtensionsRegistry:207 - Instantiating registry of type net.sf.jasperreports.engine.fonts.SimpleFontExtensionsRegistryFactory for property net.sf.jasperreports.extension.registry.factory.simple.font.families
[2020-05-12 20:44:13|DEBUG] DefaultExtensionsRegistry:232 - Instantiating extensions registry for simple.font.families using factory class net.sf.jasperreports.engine.fonts.SimpleFontExtensionsRegistryFactory
[2020-05-12 20:44:13|DEBUG] DefaultExtensionsRegistry:207 - Instantiating registry of type net.sf.jasperreports.data.DefaultDataAdapterServiceExtensionsRegistryFactory for property net.sf.jasperreports.extension.registry.factory.data.adapter.services
[2020-05-12 20:44:13|DEBUG] DefaultExtensionsRegistry:232 - Instantiating extensions registry for data.adapter.services using factory class net.sf.jasperreports.data.DefaultDataAdapterServiceExtensionsRegistryFactory
[2020-05-12 20:44:13|DEBUG] DefaultExtensionsRegistry:207 - Instantiating registry of type net.sf.jasperreports.web.util.WebResourceHandlersExtensionRegistryFactory for property net.sf.jasperreports.extension.registry.factory.jive.web.resource.handlers
[2020-05-12 20:44:13|DEBUG] DefaultExtensionsRegistry:232 - Instantiating extensions registry for jive.web.resource.handlers using factory class net.sf.jasperreports.web.util.WebResourceHandlersExtensionRegistryFactory
[2020-05-12 20:44:13|DEBUG] DefaultExtensionsRegistry:207 - Instantiating registry of type net.sf.jasperreports.util.CastorMappingExtensionsRegistryFactory for property net.sf.jasperreports.extension.registry.factory.castor.mapping
[2020-05-12 20:44:13|DEBUG] DefaultExtensionsRegistry:232 - Instantiating extensions registry for castor.mapping using factory class net.sf.jasperreports.util.CastorMappingExtensionsRegistryFactory
[2020-05-12 20:44:13|DEBUG] DefaultExtensionsRegistry:207 - Instantiating registry of type net.sf.jasperreports.engine.export.MatcherExportFilterMappingExtensionsRegistryFactory for property net.sf.jasperreports.extension.registry.factory.matcher.exporter.filter.mapping
[2020-05-12 20:44:13|DEBUG] DefaultExtensionsRegistry:232 - Instantiating extensions registry for matcher.exporter.filter.mapping using factory class net.sf.jasperreports.engine.export.MatcherExportFilterMappingExtensionsRegistryFactory
[2020-05-12 20:44:13|DEBUG] DefaultExtensionsRegistry:207 - Instantiating registry of type net.sf.jasperreports.governors.GovernorExtensionsRegistryFactory for property net.sf.jasperreports.extension.registry.factory.governor
[2020-05-12 20:44:13|DEBUG] DefaultExtensionsRegistry:232 - Instantiating extensions registry for governor using factory class net.sf.jasperreports.governors.GovernorExtensionsRegistryFactory
[2020-05-12 20:44:13|DEBUG] DefaultExtensionsRegistry:207 - Instantiating registry of type net.sf.jasperreports.web.util.RequirejsModuleMappingExtensionsRegistryFactory for property net.sf.jasperreports.extension.registry.factory.requirejs.module.mapping
[2020-05-12 20:44:13|DEBUG] DefaultExtensionsRegistry:232 - Instantiating extensions registry for requirejs.module.mapping using factory class net.sf.jasperreports.web.util.RequirejsModuleMappingExtensionsRegistryFactory
[2020-05-12 20:44:13|DEBUG] DefaultExtensionsRegistry:207 - Instantiating registry of type net.sf.jasperreports.engine.query.SQLQueryClauseFunctionsExtensions for property net.sf.jasperreports.extension.registry.factory.sql.clause.functions
[2020-05-12 20:44:13|DEBUG] DefaultExtensionsRegistry:232 - Instantiating extensions registry for sql.clause.functions using factory class net.sf.jasperreports.engine.query.SQLQueryClauseFunctionsExtensions
[2020-05-12 20:44:13|DEBUG] DefaultExtensionsRegistry:207 - Instantiating registry of type net.sf.jasperreports.engine.style.PropertyStyleProviderExtensionFactory for property net.sf.jasperreports.extension.registry.factory.property.style.provider
[2020-05-12 20:44:13|DEBUG] DefaultExtensionsRegistry:232 - Instantiating extensions registry for property.style.provider using factory class net.sf.jasperreports.engine.style.PropertyStyleProviderExtensionFactory
[2020-05-12 20:44:13|DEBUG] DefaultExtensionsRegistry:207 - Instantiating registry of type net.sf.jasperreports.web.util.JacksonMappingExtensionsRegistryFactory for property net.sf.jasperreports.extension.registry.factory.jackson.mapping
[2020-05-12 20:44:13|DEBUG] DefaultExtensionsRegistry:232 - Instantiating extensions registry for jackson.mapping using factory class net.sf.jasperreports.web.util.JacksonMappingExtensionsRegistryFactory
[2020-05-12 20:44:13|DEBUG] DefaultExtensionsRegistry:207 - Instantiating registry of type net.sf.jasperreports.extensions.DefaultExtensionsRegistryFactory for property net.sf.jasperreports.extension.registry.factory.default
[2020-05-12 20:44:13|DEBUG] DefaultExtensionsRegistry:232 - Instantiating extensions registry for default using factory class net.sf.jasperreports.extensions.DefaultExtensionsRegistryFactory
[2020-05-12 20:44:13|DEBUG] DefaultExtensionsRegistry:207 - Instantiating registry of type net.sf.jasperreports.components.ComponentsExtensionsRegistryFactory for property net.sf.jasperreports.extension.registry.factory.components
[2020-05-12 20:44:13|DEBUG] DefaultExtensionsRegistry:232 - Instantiating extensions registry for components using factory class net.sf.jasperreports.components.ComponentsExtensionsRegistryFactory
[2020-05-12 20:44:13|DEBUG] DefaultExtensionsRegistry:207 - Instantiating registry of type net.sf.jasperreports.components.headertoolbar.HeaderToolbarConditionalStyleProviderExtensionFactory for property net.sf.jasperreports.extension.registry.factory.header.toolbar.style.provider
[2020-05-12 20:44:13|DEBUG] DefaultExtensionsRegistry:232 - Instantiating extensions registry for header.toolbar.style.provider using factory class net.sf.jasperreports.components.headertoolbar.HeaderToolbarConditionalStyleProviderExtensionFactory
[2020-05-12 20:44:13|DEBUG] JRFillBand:153 - Origin {reportName: null, groupName: null,bandType: BACKGROUND} for band 1087046379
[2020-05-12 20:44:13|DEBUG] JRFillBand:153 - Origin {reportName: null, groupName: null,bandType: TITLE} for band 1496666180
[2020-05-12 20:44:13|DEBUG] JRFillBand:153 - Origin {reportName: null, groupName: null,bandType: PAGE_HEADER} for band 1646609832
[2020-05-12 20:44:13|DEBUG] JRFillBand:153 - Origin {reportName: null, groupName: null,bandType: COLUMN_HEADER} for band 577625531
[2020-05-12 20:44:13|DEBUG] JRFillBand:153 - Origin {reportName: null, groupName: null,bandType: DETAIL} for band 1462181713
[2020-05-12 20:44:13|DEBUG] JRFillBand:153 - Origin {reportName: null, groupName: null,bandType: COLUMN_FOOTER} for band 314541393
[2020-05-12 20:44:13|DEBUG] JRFillBand:153 - Origin {reportName: null, groupName: null,bandType: PAGE_FOOTER} for band 2133896179
[2020-05-12 20:44:13|DEBUG] JRFillBand:153 - Origin {reportName: null, groupName: null,bandType: SUMMARY} for band 1583161877
[2020-05-12 20:44:13|DEBUG] JRVerticalFiller:106 - Filler 1 - pageHeight: 842, columnFooterOffsetY: 805, lastPageColumnFooterOffsetY: 822
[2020-05-12 20:44:13|DEBUG] JRBaseFiller:499 - Fill 1: filling report
[2020-05-12 20:44:13|DEBUG] JRFillDataset:1122 - Fill 1: Creating sql query executer
[2020-05-12 20:44:14|DEBUG] JRJdbcQueryExecuter:285 - SQL query string: SELECT
     Funcionarios."Emp_Codigo" AS Funcionarios_Emp_Codigo,
     Funcionarios."Pessoa_Codigo" AS Funcionarios_Pessoa_Codigo,
     Funcionarios."PFisica_Codigo" AS Funcionarios_PFisica_Codigo,
     PedidoVenda."PedidoVenda_Codigo" AS PedidoVenda_PedidoVenda_Codigo,
     PedidoVenda."PedidoVenda_Data" AS PedidoVenda_PedidoVenda_Data,
     PedidoVenda."PedidoVenda_FormaPagamento" AS PedidoVenda_PedidoVenda_FormaPagamento,
     PedidoVenda."PedidoVenda_NumeroNota" AS PedidoVenda_PedidoVenda_NumeroNota,
     PedidoVenda."PedidoVenda_Vencimento" AS PedidoVenda_PedidoVenda_Vencimento,
     PedidoVenda."PedidoVenda_Observacao" AS PedidoVenda_PedidoVenda_Observacao,
     PedidoVenda."Emp_Codigo" AS PedidoVenda_Emp_Codigo,
     PedidoVenda."Pessoa_CodigoCliente" AS PedidoVenda_Pessoa_CodigoCliente,
     PedidoVenda."PessoaFJ_CodigoCliente" AS PedidoVenda_PessoaFJ_CodigoCliente,
     PedidoVenda."Pessoa_CodigoFunc" AS PedidoVenda_Pessoa_CodigoFunc,
     PedidoVenda."PFisica_CodigoFunc" AS PedidoVenda_PFisica_CodigoFunc,
     PedidoVenda."PedidoVenda_TotalProdutos" AS PedidoVenda_PedidoVenda_TotalProdutos,
     PedidoVenda."PedidoVenda_Acrescimo" AS PedidoVenda_PedidoVenda_Acrescimo,
     PedidoVenda."PedidoVenda_Desconto" AS PedidoVenda_PedidoVenda_Desconto,
     PedidoVenda."PedidoVenda_TotalPedido" AS PedidoVenda_PedidoVenda_TotalPedido,
     Pessoa."Emp_Codigo" AS Pessoa_Emp_Codigo,
     Pessoa."Pessoa_Codigo" AS Pessoa_Pessoa_Codigo,
     Pessoa."Pessoa_TipoPessoa" AS Pessoa_Pessoa_TipoPessoa,
     Pessoa."Pessoa_NomeRazaoSocial" AS Pessoa_Pessoa_NomeRazaoSocial,
     PessoaFisica."Emp_Codigo" AS PessoaFisica_Emp_Codigo,
     PessoaFisica."Pessoa_Codigo" AS PessoaFisica_Pessoa_Codigo,
     PessoaFisica."PFisica_Codigo" AS PessoaFisica_PFisica_Codigo,
     PessoaFisica."PFisica_Apelido" AS PessoaFisica_PFisica_Apelido,
     PessoaFisica."PFisica_CPF" AS PessoaFisica_PFisica_CPF,
     PessoaFisica."UF_Sigla" AS PessoaFisica_UF_Sigla,
     PessoaFisica."PFisica_Endereco" AS PessoaFisica_PFisica_Endereco,
     PessoaFisica."PFisica_NumeroEnd" AS PessoaFisica_PFisica_NumeroEnd,
     PessoaFisica."PFisica_CEP" AS PessoaFisica_PFisica_CEP,
     PessoaFisica."PFisica_Bairro" AS PessoaFisica_PFisica_Bairro,
     PessoaJuridica."Emp_Codigo" AS PessoaJuridica_Emp_Codigo,
     PessoaJuridica."Pessoa_Codigo" AS PessoaJuridica_Pessoa_Codigo,
     PessoaJuridica."PJuridica_Codigo" AS PessoaJuridica_PJuridica_Codigo,
     PessoaJuridica."PJuridica_DenominacaoSocial" AS PessoaJuridica_PJuridica_DenominacaoSocial,
     PessoaJuridica."PJuridica_NomeSintetico" AS PessoaJuridica_PJuridica_NomeSintetico,
     PessoaJuridica."PJuridica_CNPJ" AS PessoaJuridica_PJuridica_CNPJ,
     PessoaJuridica."PJuridica_InscricaoEstadual" AS PessoaJuridica_PJuridica_InscricaoEstadual,
     PessoaJuridica."PJuridica_InscricaoMunicipal" AS PessoaJuridica_PJuridica_InscricaoMunicipal,
     PessoaJuridica."PJuridica_Endereco" AS PessoaJuridica_PJuridica_Endereco,
     PessoaJuridica."PJuridica_NumeroEnd" AS PessoaJuridica_PJuridica_NumeroEnd,
     PessoaJuridica."UF_Sigla" AS PessoaJuridica_UF_Sigla,
     PessoaJuridica."PJuridica_CEP" AS PessoaJuridica_PJuridica_CEP,
     PessoaJuridica."PJuridica_Bairro" AS PessoaJuridica_PJuridica_Bairro,
     PessoaJuridica."PJuridica_Complemento" AS PessoaJuridica_PJuridica_Complemento,
     Produtos."Grupo_Codigo" AS Produtos_Grupo_Codigo,
     Produtos."Prod_Codigo" AS Produtos_Prod_Codigo,
     Produtos."Prod_Descricao" AS Produtos_Prod_Descricao,
     Produtos."Prod_Material" AS Produtos_Prod_Material,
     Produtos."Prod_Especificacao" AS Produtos_Prod_Especificacao,
     Produtos."NCM_Codigo" AS Produtos_NCM_Codigo,
     PedidoVendaXProdutos."PedVendasProd_Valor" AS PedidoVendaXProdutos_PedVendasProd_Valor,
     PedidoVendaXProdutos."PedVendasProd_Qtde" AS PedidoVendaXProdutos_PedVendasProd_Qtde,
     PedidoVendaXProdutos."PedVendasProd_Total" AS PedidoVendaXProdutos_PedVendasProd_Total,
     PedidoVendaXProdutos."PedVendasProd_IPI" AS PedidoVendaXProdutos_PedVendasProd_IPI,
     PedidoVendaXProdutos."PedidoVenda_Codigo" AS PedidoVendaXProdutos_PedidoVenda_Codigo,
     PedidoVendaXProdutos."Emp_Codigo" AS PedidoVendaXProdutos_Emp_Codigo,
     PedidoVendaXProdutos."Grupo_Codigo" AS PedidoVendaXProdutos_Grupo_Codigo,
     PedidoVendaXProdutos."Prod_Codigo" AS PedidoVendaXProdutos_Prod_Codigo,
     Produtos."Emp_Codigo" AS Produtos_Emp_Codigo,
     Produtos."FProd_Codigo" AS Produtos_FProd_Codigo,
     PessoaFisica."PFisica_RG" AS PessoaFisica_PFisica_RG
FROM
     "dbo"."Funcionarios" Funcionarios INNER JOIN "dbo"."PedidoVenda" PedidoVenda ON Funcionarios."Emp_Codigo" = PedidoVenda."Emp_Codigo"
     AND Funcionarios."Pessoa_Codigo" = PedidoVenda."Pessoa_CodigoFunc"
     AND Funcionarios."PFisica_Codigo" = PedidoVenda."PFisica_CodigoFunc"
     INNER JOIN "dbo"."PessoaFisica" PessoaFisica ON Funcionarios."Emp_Codigo" = PessoaFisica."Emp_Codigo"
     AND PessoaFisica."Pessoa_Codigo" = Funcionarios."Pessoa_Codigo"
     AND PessoaFisica."PFisica_Codigo" = Funcionarios."PFisica_Codigo"
     INNER JOIN "dbo"."Pessoa" Pessoa ON PessoaFisica."Emp_Codigo" = Pessoa."Emp_Codigo"
     AND Pessoa."Pessoa_Codigo" = PessoaFisica."Pessoa_Codigo"
     INNER JOIN "dbo"."PessoaJuridica" PessoaJuridica ON Pessoa."Emp_Codigo" = PessoaJuridica."Emp_Codigo"
     AND Pessoa."Pessoa_Codigo" = PessoaJuridica."Pessoa_Codigo"
     INNER JOIN "dbo"."PedidoVendaXProdutos" PedidoVendaXProdutos ON PedidoVenda."PedidoVenda_Codigo" = PedidoVendaXProdutos."PedidoVenda_Codigo"
     AND PedidoVenda."Emp_Codigo" = PedidoVendaXProdutos."Emp_Codigo"
     INNER JOIN "dbo"."Produtos" Produtos ON PedidoVendaXProdutos."Grupo_Codigo" = Produtos."Grupo_Codigo"
     AND Produtos."Prod_Codigo" = PedidoVendaXProdutos."Prod_Codigo"
[2020-05-12 20:44:14|DEBUG] JRFillDataset:1203 - Fill 1: closing query executer
[2020-05-12 20:53:05|INFO] Principal:38 - usuário "miqueiascosta": acessou Corretor NFSE
[2020-05-12 20:53:07|DEBUG] BaseReportFiller:146 - Fill 1: created for ReportPedidoMAC
[2020-05-12 20:53:07|DEBUG] BaseReportFiller:185 - created delayed actions 1 for filler 1
[2020-05-12 20:53:07|DEBUG] ExtensionsEnvironment:78 - Instantiating extensions registry class net.sf.jasperreports.extensions.DefaultExtensionsRegistry
[2020-05-12 20:53:07|DEBUG] DefaultExtensionsRegistry:129 - Loading registries for cache key sun.misc.Launcher$AppClassLoader@85ede7b
[2020-05-12 20:53:07|DEBUG] JRLoader:786 - Found resource jasperreports_extension.properties at jar:file:/C:/Users/Rafael/Documents/NetBeansProjects/CorretorNFSE/lib/jasperreports-6.1.0.jar!/jasperreports_extension.properties in classloader sun.misc.Launcher$AppClassLoader@85ede7b
[2020-05-12 20:53:07|DEBUG] DefaultExtensionsRegistry:157 - Loading JasperReports extension properties resource jar:file:/C:/Users/Rafael/Documents/NetBeansProjects/CorretorNFSE/lib/jasperreports-6.1.0.jar!/jasperreports_extension.properties
[2020-05-12 20:53:07|DEBUG] DefaultExtensionsRegistry:207 - Instantiating registry of type net.sf.jasperreports.components.headertoolbar.HeaderToolbarParameterContributorExtensionFactory for property net.sf.jasperreports.extension.registry.factory.header.toolbar.parameter.contributor
[2020-05-12 20:53:07|DEBUG] DefaultExtensionsRegistry:232 - Instantiating extensions registry for header.toolbar.parameter.contributor using factory class net.sf.jasperreports.components.headertoolbar.HeaderToolbarParameterContributorExtensionFactory
[2020-05-12 20:53:07|DEBUG] DefaultExtensionsRegistry:207 - Instantiating registry of type net.sf.jasperreports.types.date.DateRangeQueryClauseExtensions for property net.sf.jasperreports.extension.registry.factory.date.range.clause.functions
[2020-05-12 20:53:07|DEBUG] DefaultExtensionsRegistry:232 - Instantiating extensions registry for date.range.clause.functions using factory class net.sf.jasperreports.types.date.DateRangeQueryClauseExtensions
[2020-05-12 20:53:07|DEBUG] DefaultExtensionsRegistry:207 - Instantiating registry of type net.sf.jasperreports.repo.DefaultRepositoryExtensionsRegistryFactory for property net.sf.jasperreports.extension.registry.factory.repository
[2020-05-12 20:53:07|DEBUG] DefaultExtensionsRegistry:232 - Instantiating extensions registry for repository using factory class net.sf.jasperreports.repo.DefaultRepositoryExtensionsRegistryFactory
[2020-05-12 20:53:07|DEBUG] DefaultExtensionsRegistry:207 - Instantiating registry of type net.sf.jasperreports.parts.PartComponentsExtensionsRegistryFactory for property net.sf.jasperreports.extension.registry.factory.parts
[2020-05-12 20:53:07|DEBUG] DefaultExtensionsRegistry:232 - Instantiating extensions registry for parts using factory class net.sf.jasperreports.parts.PartComponentsExtensionsRegistryFactory
[2020-05-12 20:53:07|DEBUG] DefaultExtensionsRegistry:207 - Instantiating registry of type net.sf.jasperreports.web.util.ContentTypeMappingExtensionsRegistryFactory for property net.sf.jasperreports.extension.registry.factory.content.type.mapping
[2020-05-12 20:53:07|DEBUG] DefaultExtensionsRegistry:232 - Instantiating extensions registry for content.type.mapping using factory class net.sf.jasperreports.web.util.ContentTypeMappingExtensionsRegistryFactory
[2020-05-12 20:53:07|DEBUG] DefaultExtensionsRegistry:207 - Instantiating registry of type net.sf.jasperreports.engine.fonts.SimpleFontExtensionsRegistryFactory for property net.sf.jasperreports.extension.registry.factory.simple.font.families
[2020-05-12 20:53:07|DEBUG] DefaultExtensionsRegistry:232 - Instantiating extensions registry for simple.font.families using factory class net.sf.jasperreports.engine.fonts.SimpleFontExtensionsRegistryFactory
[2020-05-12 20:53:07|DEBUG] DefaultExtensionsRegistry:207 - Instantiating registry of type net.sf.jasperreports.data.DefaultDataAdapterServiceExtensionsRegistryFactory for property net.sf.jasperreports.extension.registry.factory.data.adapter.services
[2020-05-12 20:53:07|DEBUG] DefaultExtensionsRegistry:232 - Instantiating extensions registry for data.adapter.services using factory class net.sf.jasperreports.data.DefaultDataAdapterServiceExtensionsRegistryFactory
[2020-05-12 20:53:07|DEBUG] DefaultExtensionsRegistry:207 - Instantiating registry of type net.sf.jasperreports.web.util.WebResourceHandlersExtensionRegistryFactory for property net.sf.jasperreports.extension.registry.factory.jive.web.resource.handlers
[2020-05-12 20:53:07|DEBUG] DefaultExtensionsRegistry:232 - Instantiating extensions registry for jive.web.resource.handlers using factory class net.sf.jasperreports.web.util.WebResourceHandlersExtensionRegistryFactory
[2020-05-12 20:53:07|DEBUG] DefaultExtensionsRegistry:207 - Instantiating registry of type net.sf.jasperreports.util.CastorMappingExtensionsRegistryFactory for property net.sf.jasperreports.extension.registry.factory.castor.mapping
[2020-05-12 20:53:07|DEBUG] DefaultExtensionsRegistry:232 - Instantiating extensions registry for castor.mapping using factory class net.sf.jasperreports.util.CastorMappingExtensionsRegistryFactory
[2020-05-12 20:53:07|DEBUG] DefaultExtensionsRegistry:207 - Instantiating registry of type net.sf.jasperreports.engine.export.MatcherExportFilterMappingExtensionsRegistryFactory for property net.sf.jasperreports.extension.registry.factory.matcher.exporter.filter.mapping
[2020-05-12 20:53:07|DEBUG] DefaultExtensionsRegistry:232 - Instantiating extensions registry for matcher.exporter.filter.mapping using factory class net.sf.jasperreports.engine.export.MatcherExportFilterMappingExtensionsRegistryFactory
[2020-05-12 20:53:07|DEBUG] DefaultExtensionsRegistry:207 - Instantiating registry of type net.sf.jasperreports.governors.GovernorExtensionsRegistryFactory for property net.sf.jasperreports.extension.registry.factory.governor
[2020-05-12 20:53:07|DEBUG] DefaultExtensionsRegistry:232 - Instantiating extensions registry for governor using factory class net.sf.jasperreports.governors.GovernorExtensionsRegistryFactory
[2020-05-12 20:53:07|DEBUG] DefaultExtensionsRegistry:207 - Instantiating registry of type net.sf.jasperreports.web.util.RequirejsModuleMappingExtensionsRegistryFactory for property net.sf.jasperreports.extension.registry.factory.requirejs.module.mapping
[2020-05-12 20:53:07|DEBUG] DefaultExtensionsRegistry:232 - Instantiating extensions registry for requirejs.module.mapping using factory class net.sf.jasperreports.web.util.RequirejsModuleMappingExtensionsRegistryFactory
[2020-05-12 20:53:07|DEBUG] DefaultExtensionsRegistry:207 - Instantiating registry of type net.sf.jasperreports.engine.query.SQLQueryClauseFunctionsExtensions for property net.sf.jasperreports.extension.registry.factory.sql.clause.functions
[2020-05-12 20:53:07|DEBUG] DefaultExtensionsRegistry:232 - Instantiating extensions registry for sql.clause.functions using factory class net.sf.jasperreports.engine.query.SQLQueryClauseFunctionsExtensions
[2020-05-12 20:53:07|DEBUG] DefaultExtensionsRegistry:207 - Instantiating registry of type net.sf.jasperreports.engine.style.PropertyStyleProviderExtensionFactory for property net.sf.jasperreports.extension.registry.factory.property.style.provider
[2020-05-12 20:53:07|DEBUG] DefaultExtensionsRegistry:232 - Instantiating extensions registry for property.style.provider using factory class net.sf.jasperreports.engine.style.PropertyStyleProviderExtensionFactory
[2020-05-12 20:53:07|DEBUG] DefaultExtensionsRegistry:207 - Instantiating registry of type net.sf.jasperreports.web.util.JacksonMappingExtensionsRegistryFactory for property net.sf.jasperreports.extension.registry.factory.jackson.mapping
[2020-05-12 20:53:07|DEBUG] DefaultExtensionsRegistry:232 - Instantiating extensions registry for jackson.mapping using factory class net.sf.jasperreports.web.util.JacksonMappingExtensionsRegistryFactory
[2020-05-12 20:53:07|DEBUG] DefaultExtensionsRegistry:207 - Instantiating registry of type net.sf.jasperreports.extensions.DefaultExtensionsRegistryFactory for property net.sf.jasperreports.extension.registry.factory.default
[2020-05-12 20:53:07|DEBUG] DefaultExtensionsRegistry:232 - Instantiating extensions registry for default using factory class net.sf.jasperreports.extensions.DefaultExtensionsRegistryFactory
[2020-05-12 20:53:07|DEBUG] DefaultExtensionsRegistry:207 - Instantiating registry of type net.sf.jasperreports.components.ComponentsExtensionsRegistryFactory for property net.sf.jasperreports.extension.registry.factory.components
[2020-05-12 20:53:07|DEBUG] DefaultExtensionsRegistry:232 - Instantiating extensions registry for components using factory class net.sf.jasperreports.components.ComponentsExtensionsRegistryFactory
[2020-05-12 20:53:07|DEBUG] DefaultExtensionsRegistry:207 - Instantiating registry of type net.sf.jasperreports.components.headertoolbar.HeaderToolbarConditionalStyleProviderExtensionFactory for property net.sf.jasperreports.extension.registry.factory.header.toolbar.style.provider
[2020-05-12 20:53:07|DEBUG] DefaultExtensionsRegistry:232 - Instantiating extensions registry for header.toolbar.style.provider using factory class net.sf.jasperreports.components.headertoolbar.HeaderToolbarConditionalStyleProviderExtensionFactory
[2020-05-12 20:53:07|DEBUG] JRFillBand:153 - Origin {reportName: null, groupName: null,bandType: BACKGROUND} for band 1056570392
[2020-05-12 20:53:08|DEBUG] JRFillBand:153 - Origin {reportName: null, groupName: null,bandType: TITLE} for band 209924265
[2020-05-12 20:53:08|DEBUG] JRFillBand:153 - Origin {reportName: null, groupName: null,bandType: PAGE_HEADER} for band 1998893408
[2020-05-12 20:53:08|DEBUG] JRFillBand:153 - Origin {reportName: null, groupName: null,bandType: COLUMN_HEADER} for band 1951057649
[2020-05-12 20:53:08|DEBUG] JRFillBand:153 - Origin {reportName: null, groupName: null,bandType: DETAIL} for band 779318630
[2020-05-12 20:53:08|DEBUG] JRFillBand:153 - Origin {reportName: null, groupName: null,bandType: COLUMN_FOOTER} for band 266856858
[2020-05-12 20:53:08|DEBUG] JRFillBand:153 - Origin {reportName: null, groupName: null,bandType: PAGE_FOOTER} for band 594488644
[2020-05-12 20:53:08|DEBUG] JRFillBand:153 - Origin {reportName: null, groupName: null,bandType: SUMMARY} for band 1138115217
[2020-05-12 20:53:08|DEBUG] JRVerticalFiller:106 - Filler 1 - pageHeight: 842, columnFooterOffsetY: 805, lastPageColumnFooterOffsetY: 822
[2020-05-12 20:53:08|DEBUG] JRBaseFiller:499 - Fill 1: filling report
[2020-05-12 20:53:08|DEBUG] JRFillDataset:1122 - Fill 1: Creating sql query executer
[2020-05-12 20:53:08|DEBUG] JRJdbcQueryExecuter:285 - SQL query string: SELECT
     Funcionarios."Emp_Codigo" AS Funcionarios_Emp_Codigo,
     Funcionarios."Pessoa_Codigo" AS Funcionarios_Pessoa_Codigo,
     Funcionarios."PFisica_Codigo" AS Funcionarios_PFisica_Codigo,
     PedidoVenda."PedidoVenda_Codigo" AS PedidoVenda_PedidoVenda_Codigo,
     PedidoVenda."PedidoVenda_Data" AS PedidoVenda_PedidoVenda_Data,
     PedidoVenda."PedidoVenda_FormaPagamento" AS PedidoVenda_PedidoVenda_FormaPagamento,
     PedidoVenda."PedidoVenda_NumeroNota" AS PedidoVenda_PedidoVenda_NumeroNota,
     PedidoVenda."PedidoVenda_Vencimento" AS PedidoVenda_PedidoVenda_Vencimento,
     PedidoVenda."PedidoVenda_Observacao" AS PedidoVenda_PedidoVenda_Observacao,
     PedidoVenda."Emp_Codigo" AS PedidoVenda_Emp_Codigo,
     PedidoVenda."Pessoa_CodigoCliente" AS PedidoVenda_Pessoa_CodigoCliente,
     PedidoVenda."PessoaFJ_CodigoCliente" AS PedidoVenda_PessoaFJ_CodigoCliente,
     PedidoVenda."Pessoa_CodigoFunc" AS PedidoVenda_Pessoa_CodigoFunc,
     PedidoVenda."PFisica_CodigoFunc" AS PedidoVenda_PFisica_CodigoFunc,
     PedidoVenda."PedidoVenda_TotalProdutos" AS PedidoVenda_PedidoVenda_TotalProdutos,
     PedidoVenda."PedidoVenda_Acrescimo" AS PedidoVenda_PedidoVenda_Acrescimo,
     PedidoVenda."PedidoVenda_Desconto" AS PedidoVenda_PedidoVenda_Desconto,
     PedidoVenda."PedidoVenda_TotalPedido" AS PedidoVenda_PedidoVenda_TotalPedido,
     Pessoa."Emp_Codigo" AS Pessoa_Emp_Codigo,
     Pessoa."Pessoa_Codigo" AS Pessoa_Pessoa_Codigo,
     Pessoa."Pessoa_TipoPessoa" AS Pessoa_Pessoa_TipoPessoa,
     Pessoa."Pessoa_NomeRazaoSocial" AS Pessoa_Pessoa_NomeRazaoSocial,
     PessoaFisica."Emp_Codigo" AS PessoaFisica_Emp_Codigo,
     PessoaFisica."Pessoa_Codigo" AS PessoaFisica_Pessoa_Codigo,
     PessoaFisica."PFisica_Codigo" AS PessoaFisica_PFisica_Codigo,
     PessoaFisica."PFisica_Apelido" AS PessoaFisica_PFisica_Apelido,
     PessoaFisica."PFisica_CPF" AS PessoaFisica_PFisica_CPF,
     PessoaFisica."UF_Sigla" AS PessoaFisica_UF_Sigla,
     PessoaFisica."PFisica_Endereco" AS PessoaFisica_PFisica_Endereco,
     PessoaFisica."PFisica_NumeroEnd" AS PessoaFisica_PFisica_NumeroEnd,
     PessoaFisica."PFisica_CEP" AS PessoaFisica_PFisica_CEP,
     PessoaFisica."PFisica_Bairro" AS PessoaFisica_PFisica_Bairro,
     PessoaJuridica."Emp_Codigo" AS PessoaJuridica_Emp_Codigo,
     PessoaJuridica."Pessoa_Codigo" AS PessoaJuridica_Pessoa_Codigo,
     PessoaJuridica."PJuridica_Codigo" AS PessoaJuridica_PJuridica_Codigo,
     PessoaJuridica."PJuridica_DenominacaoSocial" AS PessoaJuridica_PJuridica_DenominacaoSocial,
     PessoaJuridica."PJuridica_NomeSintetico" AS PessoaJuridica_PJuridica_NomeSintetico,
     PessoaJuridica."PJuridica_CNPJ" AS PessoaJuridica_PJuridica_CNPJ,
     PessoaJuridica."PJuridica_InscricaoEstadual" AS PessoaJuridica_PJuridica_InscricaoEstadual,
     PessoaJuridica."PJuridica_InscricaoMunicipal" AS PessoaJuridica_PJuridica_InscricaoMunicipal,
     PessoaJuridica."PJuridica_Endereco" AS PessoaJuridica_PJuridica_Endereco,
     PessoaJuridica."PJuridica_NumeroEnd" AS PessoaJuridica_PJuridica_NumeroEnd,
     PessoaJuridica."UF_Sigla" AS PessoaJuridica_UF_Sigla,
     PessoaJuridica."PJuridica_CEP" AS PessoaJuridica_PJuridica_CEP,
     PessoaJuridica."PJuridica_Bairro" AS PessoaJuridica_PJuridica_Bairro,
     PessoaJuridica."PJuridica_Complemento" AS PessoaJuridica_PJuridica_Complemento,
     Produtos."Grupo_Codigo" AS Produtos_Grupo_Codigo,
     Produtos."Prod_Codigo" AS Produtos_Prod_Codigo,
     Produtos."Prod_Descricao" AS Produtos_Prod_Descricao,
     Produtos."Prod_Material" AS Produtos_Prod_Material,
     Produtos."Prod_Especificacao" AS Produtos_Prod_Especificacao,
     Produtos."NCM_Codigo" AS Produtos_NCM_Codigo,
     PedidoVendaXProdutos."PedVendasProd_Valor" AS PedidoVendaXProdutos_PedVendasProd_Valor,
     PedidoVendaXProdutos."PedVendasProd_Qtde" AS PedidoVendaXProdutos_PedVendasProd_Qtde,
     PedidoVendaXProdutos."PedVendasProd_Total" AS PedidoVendaXProdutos_PedVendasProd_Total,
     PedidoVendaXProdutos."PedVendasProd_IPI" AS PedidoVendaXProdutos_PedVendasProd_IPI,
     PedidoVendaXProdutos."PedidoVenda_Codigo" AS PedidoVendaXProdutos_PedidoVenda_Codigo,
     PedidoVendaXProdutos."Emp_Codigo" AS PedidoVendaXProdutos_Emp_Codigo,
     PedidoVendaXProdutos."Grupo_Codigo" AS PedidoVendaXProdutos_Grupo_Codigo,
     PedidoVendaXProdutos."Prod_Codigo" AS PedidoVendaXProdutos_Prod_Codigo,
     Produtos."Emp_Codigo" AS Produtos_Emp_Codigo,
     Produtos."FProd_Codigo" AS Produtos_FProd_Codigo,
     PessoaFisica."PFisica_RG" AS PessoaFisica_PFisica_RG
FROM
     "dbo"."Funcionarios" Funcionarios INNER JOIN "dbo"."PedidoVenda" PedidoVenda ON Funcionarios."Emp_Codigo" = PedidoVenda."Emp_Codigo"
     AND Funcionarios."Pessoa_Codigo" = PedidoVenda."Pessoa_CodigoFunc"
     AND Funcionarios."PFisica_Codigo" = PedidoVenda."PFisica_CodigoFunc"
     INNER JOIN "dbo"."PessoaFisica" PessoaFisica ON Funcionarios."Emp_Codigo" = PessoaFisica."Emp_Codigo"
     AND PessoaFisica."Pessoa_Codigo" = Funcionarios."Pessoa_Codigo"
     AND PessoaFisica."PFisica_Codigo" = Funcionarios."PFisica_Codigo"
     INNER JOIN "dbo"."Pessoa" Pessoa ON PessoaFisica."Emp_Codigo" = Pessoa."Emp_Codigo"
     AND Pessoa."Pessoa_Codigo" = PessoaFisica."Pessoa_Codigo"
     INNER JOIN "dbo"."PessoaJuridica" PessoaJuridica ON Pessoa."Emp_Codigo" = PessoaJuridica."Emp_Codigo"
     AND Pessoa."Pessoa_Codigo" = PessoaJuridica."Pessoa_Codigo"
     INNER JOIN "dbo"."PedidoVendaXProdutos" PedidoVendaXProdutos ON PedidoVenda."PedidoVenda_Codigo" = PedidoVendaXProdutos."PedidoVenda_Codigo"
     AND PedidoVenda."Emp_Codigo" = PedidoVendaXProdutos."Emp_Codigo"
     INNER JOIN "dbo"."Produtos" Produtos ON PedidoVendaXProdutos."Grupo_Codigo" = Produtos."Grupo_Codigo"
     AND Produtos."Prod_Codigo" = PedidoVendaXProdutos."Prod_Codigo"
[2020-05-12 20:53:08|DEBUG] JRFillDataset:1203 - Fill 1: closing query executer
